<?xml version="1.0" encoding="UTF-8"?>
<!-- Generated by org.testng.reporters.JUnitReportReporter -->
<testsuite hostname="DESKTOP-C7NQ473" failures="0" tests="1" name="tests.PIMTest" time="40.289" errors="0" timestamp="2025-08-07T11:32:35 IST" skipped="0">
  <testcase classname="tests.PIMTest" name="addEmployeeAndVerifyEmployee" time="40.289"/>
</testsuite> <!-- tests.PIMTest -->
