<?xml version="1.0" encoding="UTF-8"?>
<!-- Generated by org.testng.reporters.JUnitReportReporter -->
<testsuite hostname="DESKTOP-C7NQ473" failures="0" tests="1" name="tests.LoginTest" time="18.716" errors="0" timestamp="2025-08-07T09:33:37 IST" skipped="0">
  <testcase classname="tests.LoginTest" name="doLogin" time="18.716"/>
</testsuite> <!-- tests.LoginTest -->
