<?xml version="1.0" encoding="UTF-8"?>
<!-- Generated by org.testng.reporters.JUnitReportReporter -->
<testsuite hostname="DESKTOP-C7NQ473" failures="0" tests="1" name="tests.TimeModuleTest" time="69.029" errors="0" timestamp="2025-08-09T10:05:15 EEST" skipped="0">
  <testcase classname="tests.TimeModuleTest" name="markAttendance" time="69.029"/>
</testsuite> <!-- tests.TimeModuleTest -->
