<?xml version="1.0" encoding="UTF-8"?>
<!-- Generated by org.testng.reporters.JUnitReportReporter -->
<testsuite hostname="DESKTOP-C7NQ473" failures="0" tests="1" name="tests.JobCategoryTest" time="37.944" errors="0" timestamp="2025-07-31T09:19:25 IST" skipped="0">
  <testcase classname="tests.JobCategoryTest" name="addNewUser" time="37.944"/>
</testsuite> <!-- tests.JobCategoryTest -->
