<?xml version="1.0" encoding="UTF-8"?>
<!-- Generated by org.testng.reporters.JUnitReportReporter -->
<testsuite hostname="DESKTOP-C7NQ473" failures="0" tests="1" name="tests.RecruitementTest" time="62.747" errors="0" timestamp="2025-08-13T11:15:31 IST" skipped="0">
  <testcase classname="tests.RecruitementTest" name="hireEmployee" time="62.747"/>
</testsuite> <!-- tests.RecruitementTest -->
